2025-06-13 01:08:13,481 - INFO - Dataset: BeetleFly
2025-06-13 01:08:13,482 - INFO - Loading and normalizing train/test data...
2025-06-13 01:08:16,040 - INFO - Starting hyperparameter optimization...
2025-06-13 01:08:16,065 - INFO - Trial 0: w=182, lambda=0.1297
2025-06-13 01:13:22,710 - INFO - Dataset: BeetleFly
2025-06-13 01:13:22,711 - INFO - Loading and normalizing train/test data...
2025-06-13 01:13:23,156 - INFO - Starting hyperparameter optimization...
2025-06-13 01:13:23,184 - INFO - Trial 1: w=9, lambda=2.7997
2025-06-13 01:14:04,939 - INFO - Dataset: BeetleFly
2025-06-13 01:14:04,939 - INFO - Loading and normalizing train/test data...
2025-06-13 01:14:05,400 - INFO - Starting hyperparameter optimization...
2025-06-13 01:14:05,428 - INFO - Trial 2: w=157, lambda=0.5877
2025-06-13 01:23:38,286 - INFO - Dataset: BeetleFly
2025-06-13 01:23:38,286 - INFO - Loading and normalizing train/test data...
2025-06-13 01:23:38,732 - INFO - Starting hyperparameter optimization...
2025-06-13 01:23:38,767 - INFO - Trial 3: w=180, lambda=0.1059
2025-06-13 01:24:05,347 - INFO - Dataset: BeetleFly
2025-06-13 01:24:05,347 - INFO - Loading and normalizing train/test data...
2025-06-13 01:24:05,791 - INFO - Starting hyperparameter optimization...
2025-06-13 01:24:05,818 - INFO - Trial 4: w=89, lambda=5.9570
2025-06-13 01:25:26,285 - INFO - Dataset: BeetleFly
2025-06-13 01:25:26,286 - INFO - Loading and normalizing train/test data...
2025-06-13 01:25:26,730 - INFO - Starting hyperparameter optimization...
2025-06-13 01:25:26,760 - INFO - Trial 5: w=99, lambda=4.1446
2025-06-13 01:25:33,388 - INFO - Trial 5 accuracy: 0.4500
2025-06-13 01:25:33,489 - INFO - Trial 6: w=168, lambda=46.9083
2025-06-13 01:25:34,043 - INFO - Trial 6 accuracy: 0.5000
2025-06-13 01:25:34,066 - INFO - Trial 7: w=65, lambda=0.8866
2025-06-13 01:25:37,969 - INFO - Trial 7 accuracy: 0.8500
2025-06-13 01:25:38,047 - INFO - Trial 8: w=158, lambda=0.0051
2025-06-13 01:25:39,018 - INFO - Trial 8 accuracy: 0.4000
2025-06-13 01:25:39,057 - INFO - Trial 9: w=178, lambda=0.0758
2025-06-13 01:25:47,296 - INFO - Trial 9 accuracy: 0.8500
2025-06-13 01:25:47,426 - INFO - Best params (train): w=65, lambda=0.8866, train_acc=0.8500
2025-06-13 01:25:47,427 - INFO - Computing final train-train distance matrix…
2025-06-13 01:25:50,822 - INFO - Computing test-train distances and predicting…
2025-06-13 01:26:23,748 - INFO - Dataset: BeetleFly
2025-06-13 01:26:23,748 - INFO - Loading and normalizing train/test data...
2025-06-13 01:26:24,267 - INFO - Starting hyperparameter optimization...
2025-06-13 01:26:24,340 - INFO - Trial 10: w=229, lambda=0.0092
2025-06-13 01:26:38,600 - INFO - Trial 10 accuracy: 0.4500
2025-06-13 01:26:38,746 - INFO - Trial 11: w=73, lambda=0.3763
2025-06-13 01:26:42,211 - INFO - Trial 11 accuracy: 0.7500
2025-06-13 01:26:42,538 - INFO - Trial 12: w=212, lambda=8.4197
2025-06-13 01:26:43,359 - INFO - Trial 12 accuracy: 0.6500
2025-06-13 01:26:43,421 - INFO - Trial 13: w=193, lambda=0.0229
2025-06-13 01:26:58,655 - INFO - Trial 13 accuracy: 0.8000
2025-06-13 01:26:58,753 - INFO - Trial 14: w=37, lambda=0.0014
2025-06-13 01:26:59,011 - INFO - Trial 14 accuracy: 0.6000
2025-06-13 01:26:59,026 - INFO - Best params (train): w=65, lambda=0.8866, train_acc=0.8500
2025-06-13 01:26:59,026 - INFO - Computing final train-train distance matrix…
2025-06-13 01:27:01,786 - INFO - Computing test-train distances and predicting…
2025-06-13 01:27:55,138 - INFO - Dataset: BeetleFly
2025-06-13 01:27:55,138 - INFO - Loading and normalizing train/test data...
2025-06-13 01:27:55,580 - INFO - Starting hyperparameter optimization...
2025-06-13 01:27:55,619 - INFO - Trial 15: w=19, lambda=188.9235
2025-06-13 01:28:06,962 - INFO - Trial 15 accuracy: 0.7000
2025-06-13 01:28:07,071 - INFO - Trial 16: w=118, lambda=0.1786
2025-06-13 01:28:09,429 - INFO - Trial 16 accuracy: 0.7500
2025-06-13 01:28:09,466 - INFO - Trial 17: w=69, lambda=0.0861
2025-06-13 01:28:18,497 - INFO - Trial 17 accuracy: 0.7000
2025-06-13 01:28:18,525 - INFO - Best params (train): w=65, lambda=0.8866, train_acc=0.8500
2025-06-13 01:28:18,526 - INFO - Computing final train-train distance matrix…
2025-06-13 01:28:21,252 - INFO - Computing test-train distances and predicting…
2025-06-13 01:28:26,890 - INFO - Test accuracy: 0.6000
2025-06-13 01:28:26,890 - INFO - Inference time (s): 5.6363
2025-06-13 01:34:00,221 - INFO - Dataset: BeetleFly
2025-06-13 01:34:00,221 - INFO - Loading and normalizing train/test data...
2025-06-13 01:34:00,671 - INFO - Starting hyperparameter optimization...
2025-06-13 01:34:00,709 - INFO - Trial 18: w=137, lambda=1.5891
2025-06-13 01:34:06,923 - INFO - Trial 18 accuracy: 0.7000
2025-06-13 01:34:07,008 - INFO - Best params (train): w=65, lambda=0.8866, train_acc=0.8500
2025-06-13 01:34:07,008 - INFO - Computing final train-train distance matrix…
2025-06-13 01:34:09,686 - INFO - Computing test-train distances and predicting…
2025-06-13 01:34:34,651 - INFO - Test accuracy: 0.7000
2025-06-13 01:34:34,651 - INFO - Inference time (s): 24.9651
2025-06-13 02:32:28,213 - INFO - Dataset: BeetleFly
2025-06-13 02:32:28,215 - INFO - Loading and normalizing train/test data...
2025-06-13 02:32:28,676 - INFO - Starting hyperparameter optimization...
2025-06-13 02:32:28,715 - INFO - Trial 19: w=53, lambda=0.0598
2025-06-13 02:32:48,957 - INFO - Trial 19 accuracy: 0.8000
2025-06-13 02:32:49,091 - INFO - Trial 20: w=245, lambda=1.0172
2025-06-13 02:32:49,559 - INFO - Trial 20 accuracy: 0.6500
2025-06-13 02:32:49,589 - INFO - Trial 21: w=99, lambda=11.3097
2025-06-13 02:32:50,794 - INFO - Trial 21 accuracy: 0.4000
2025-06-13 02:32:50,870 - INFO - Trial 22: w=185, lambda=0.5082
2025-06-13 02:32:51,552 - INFO - Trial 22 accuracy: 0.8000
2025-06-13 02:32:51,581 - INFO - Trial 23: w=5, lambda=0.0311
2025-06-13 02:32:53,575 - INFO - Trial 23 accuracy: 0.7000
2025-06-13 02:32:53,634 - INFO - Trial 24: w=130, lambda=2.7179
2025-06-13 02:32:54,429 - INFO - Trial 24 accuracy: 0.7500
2025-06-13 02:32:54,459 - INFO - Trial 25: w=90, lambda=0.1513
2025-06-13 02:32:58,099 - INFO - Trial 25 accuracy: 0.7500
2025-06-13 02:32:58,159 - INFO - Trial 26: w=194, lambda=0.0241
