2025-06-13 06:36:42,654 - INFO - Dataset: SwedishLeaf
2025-06-13 06:36:42,655 - INFO - Loading and normalizing train/test data...
2025-06-13 06:36:43,185 - INFO - Starting hyperparameter optimization...
2025-06-13 06:36:43,208 - INFO - Trial 0: w=14, lambda=7.1479
2025-06-13 06:55:28,211 - INFO - Trial 0 accuracy: 0.5340
2025-06-13 06:55:28,272 - INFO - Trial 1: w=46, lambda=6.9981
2025-06-13 06:58:07,059 - INFO - Trial 1 accuracy: 0.1180
2025-06-13 06:58:07,100 - INFO - Trial 2: w=53, lambda=1.5952
2025-06-13 07:00:45,383 - INFO - Trial 2 accuracy: 0.2440
2025-06-13 07:00:45,423 - INFO - Trial 3: w=31, lambda=1.7459
2025-06-13 07:07:13,851 - INFO - Trial 3 accuracy: 0.5740
2025-06-13 07:07:13,901 - INFO - Trial 4: w=9, lambda=0.0034
2025-06-13 07:08:28,792 - INFO - Trial 4 accuracy: 0.0160
2025-06-13 07:08:28,845 - INFO - Trial 5: w=32, lambda=0.0031
2025-06-13 07:09:37,285 - INFO - Trial 5 accuracy: 0.0200
2025-06-13 07:09:37,327 - INFO - Trial 6: w=46, lambda=0.0274
2025-06-13 08:48:32,079 - INFO - Trial 6 accuracy: 0.7600
2025-06-13 08:48:32,120 - INFO - Trial 7: w=21, lambda=0.0028
2025-06-13 08:49:31,410 - INFO - Trial 7 accuracy: 0.0200
2025-06-13 08:49:31,457 - INFO - Trial 8: w=52, lambda=3.0764
2025-06-13 08:52:11,894 - INFO - Trial 8 accuracy: 0.1800
2025-06-13 08:52:11,942 - INFO - Trial 9: w=19, lambda=0.0060
2025-06-13 08:56:03,913 - INFO - Trial 9 accuracy: 0.0320
2025-06-13 08:56:03,964 - INFO - Trial 10: w=64, lambda=134.1942
2025-06-13 08:57:44,668 - INFO - Trial 10 accuracy: 0.1820
2025-06-13 08:57:44,705 - INFO - Trial 11: w=34, lambda=0.0600
2025-06-13 10:19:35,422 - INFO - Trial 11 accuracy: 0.8100
2025-06-13 10:19:35,579 - INFO - Trial 12: w=41, lambda=0.0615
2025-06-13 10:23:22,852 - INFO - Dataset: SwedishLeaf
2025-06-13 10:23:22,853 - INFO - Loading and normalizing train/test data...
2025-06-13 10:23:23,379 - INFO - Starting hyperparameter optimization...
2025-06-13 10:23:23,467 - INFO - Trial 16: w=41, lambda=0.0592
2025-06-13 10:23:23,481 - INFO - Trial 15: w=40, lambda=0.0678
2025-06-13 10:23:23,494 - INFO - Trial 17: w=41, lambda=0.0608
2025-06-13 10:23:23,512 - INFO - Trial 13: w=41, lambda=0.0708
2025-06-13 10:23:23,527 - INFO - Trial 14: w=39, lambda=0.0601
2025-06-13 11:02:28,468 - INFO - Dataset: SwedishLeaf
2025-06-13 11:02:28,468 - INFO - Loading and normalizing train/test data...
2025-06-13 11:02:28,862 - INFO - Starting hyperparameter optimization...
2025-06-13 11:02:28,932 - INFO - Trial 20: w=40, lambda=0.0570
2025-06-13 11:02:28,938 - INFO - Trial 18: w=42, lambda=0.0488
2025-06-13 11:02:28,954 - INFO - Trial 19: w=41, lambda=0.0672
2025-06-13 11:02:28,974 - INFO - Trial 22: w=40, lambda=0.0979
2025-06-13 11:02:28,982 - INFO - Trial 21: w=41, lambda=0.0608
